<?xml version="1.0" encoding="UTF-8"?>
<!-- Generated by org.testng.reporters.JUnitReportReporter -->
<testsuite skipped="0" hostname="Alchemy-01" name="org.alchemy.testcases.HomePageTest" tests="1" failures="0" timestamp="10 May 2018 13:18:51 GMT" time="24.208" errors="0">
  <testcase name="addNewRecordRiskTest" time="24.208" classname="org.alchemy.testcases.HomePageTest"/>
</testsuite> <!-- org.alchemy.testcases.HomePageTest -->
