<?xml version="1.0" encoding="UTF-8"?>
<!-- Generated by org.testng.reporters.JUnitReportReporter -->
<testsuite skipped="0" hostname="Alchemy-01" name="org.alchemy.testcases.LoginPageTest" tests="3" failures="0" timestamp="08 May 2018 13:07:37 GMT" time="16.234" errors="0">
  <testcase name="loginPageTitleTest" time="5.966" classname="org.alchemy.testcases.LoginPageTest"/>
  <testcase name="hdfcErgoImageTest" time="4.956" classname="org.alchemy.testcases.LoginPageTest"/>
  <testcase name="loginTest" time="5.312" classname="org.alchemy.testcases.LoginPageTest"/>
</testsuite> <!-- org.alchemy.testcases.LoginPageTest -->
