<?xml version="1.0" encoding="UTF-8"?>
<!-- Generated by org.testng.reporters.JUnitReportReporter -->
<testsuite skipped="0" hostname="Alchemy-01" name="org.alchemy.testcases.KCIMasterPageTest" tests="1" failures="0" timestamp="25 May 2018 14:20:34 GMT" time="18.866" errors="0">
  <testcase name="ClickOnKCIMasterLink" time="18.866" classname="org.alchemy.testcases.KCIMasterPageTest"/>
</testsuite> <!-- org.alchemy.testcases.KCIMasterPageTest -->
