<?xml version="1.0" encoding="UTF-8"?>
<!-- Generated by org.testng.reporters.JUnitReportReporter -->
<testsuite skipped="0" hostname="Alchemy-01" name="org.alchemy.pages.KCIMasterPage" tests="1" failures="0" timestamp="22 May 2018 10:05:57 GMT" time="16.700" errors="0">
  <testcase name="verifyClickOnKCIMasterLink" time="16.700" classname="org.alchemy.pages.KCIMasterPage"/>
</testsuite> <!-- org.alchemy.pages.KCIMasterPage -->
