<?xml version="1.0" encoding="UTF-8"?>
<!-- Generated by org.testng.reporters.JUnitReportReporter -->
<testsuite skipped="0" hostname="Alchemy-01" name="org.alchemy.testcases.KCIMasterPageTest" tests="1" failures="0" timestamp="28 May 2018 09:05:48 GMT" time="26.074" errors="0">
  <testcase name="ClickOnKCIMasterLink" time="26.074" classname="org.alchemy.testcases.KCIMasterPageTest"/>
</testsuite> <!-- org.alchemy.testcases.KCIMasterPageTest -->
