<?xml version="1.0" encoding="UTF-8"?>
<!-- Generated by org.testng.reporters.JUnitReportReporter -->
<testsuite skipped="0" hostname="Alchemy-01" name="org.alchemy.testcases.LoginPageTest" tests="3" failures="0" timestamp="24 May 2018 10:53:33 GMT" time="17.917" errors="0">
  <testcase name="loginPageTitleTest" time="4.924" classname="org.alchemy.testcases.LoginPageTest"/>
  <testcase name="hdfcErgoImageTest" time="5.616" classname="org.alchemy.testcases.LoginPageTest"/>
  <testcase name="loginTest" time="7.377" classname="org.alchemy.testcases.LoginPageTest"/>
</testsuite> <!-- org.alchemy.testcases.LoginPageTest -->
