<?xml version="1.0" encoding="UTF-8"?>
<!-- Generated by org.testng.reporters.JUnitReportReporter -->
<testsuite skipped="0" hostname="Alchemy-01" name="org.alchemy.testcases.LoginPageTest" tests="3" failures="0" timestamp="09 May 2018 10:51:45 GMT" time="15.934" errors="0">
  <testcase name="loginPageTitleTest" time="6.211" classname="org.alchemy.testcases.LoginPageTest"/>
  <testcase name="hdfcErgoImageTest" time="4.697" classname="org.alchemy.testcases.LoginPageTest"/>
  <testcase name="loginTest" time="5.026" classname="org.alchemy.testcases.LoginPageTest"/>
</testsuite> <!-- org.alchemy.testcases.LoginPageTest -->
