<?xml version="1.0" encoding="UTF-8"?>
<!-- Generated by org.testng.reporters.JUnitReportReporter -->
<testsuite skipped="0" hostname="Alchemy-01" name="org.alchemy.testcases.RiskMastersPageTest" tests="1" failures="0" timestamp="25 May 2018 13:56:31 GMT" time="21.569" errors="0">
  <testcase name="clickOnRiskMastersLinkTest" time="21.569" classname="org.alchemy.testcases.RiskMastersPageTest"/>
</testsuite> <!-- org.alchemy.testcases.RiskMastersPageTest -->
